<?xml version="1.0" encoding="UTF-8"?>
<!-- Generated by org.testng.reporters.JUnitReportReporter -->
<testsuite hostname="DESKTOP-CLI6E80" failures="0" tests="6" name="Pages.homepage" time="920.952" errors="0" timestamp="2021-01-24T16:25:25 IST" skipped="0">
  <testcase classname="Pages.homepage" name="login_user" time="4.551"/>
  <system-out/>
  <testcase classname="Pages.homepage" name="callPoppup" time="8.681"/>
  <system-out/>
  <testcase classname="Pages.homepage" name="Navigation_bar" time="192.880"/>
  <system-out/>
  <testcase classname="Pages.homepage" name="SearchProduct" time="389.152"/>
  <system-out/>
  <testcase classname="Pages.homepage" name="Search" time="263.142"/>
  <system-out/>
  <testcase classname="Pages.homepage" name="footer" time="62.546"/>
  <system-out/>
</testsuite> <!-- Pages.homepage -->
