<?xml version="1.0" encoding="UTF-8"?>
<!-- Generated by org.testng.reporters.JUnitReportReporter -->
<testsuite hostname="DESKTOP-CLI6E80" failures="0" tests="2" name="Pages.homepage" time="77.683" errors="0" timestamp="2021-01-15T13:20:20 IST" skipped="1">
  <testcase classname="Pages.homepage" name="Navigation_bar" time="77.683"/>
  <system-out/>
  <testcase classname="Pages.homepage" name="SearchProduct">
    <skipped/>
  </testcase> <!-- SearchProduct -->
  <system-out/>
</testsuite> <!-- Pages.homepage -->
