<?xml version="1.0" encoding="UTF-8"?>
<!-- Generated by org.testng.reporters.JUnitReportReporter -->
<testsuite hostname="DESKTOP-CLI6E80" failures="0" tests="5" name="Pages.homepage" time="823.004" errors="0" timestamp="2021-01-16T11:59:46 IST" skipped="0">
  <testcase classname="Pages.homepage" name="login_user" time="4.506"/>
  <system-out/>
  <testcase classname="Pages.homepage" name="Navigation_bar" time="166.419"/>
  <system-out/>
  <testcase classname="Pages.homepage" name="SearchProduct" time="368.840"/>
  <system-out/>
  <testcase classname="Pages.homepage" name="Search" time="216.665"/>
  <system-out/>
  <testcase classname="Pages.homepage" name="footer" time="66.574"/>
  <system-out/>
</testsuite> <!-- Pages.homepage -->
