<?xml version="1.0" encoding="UTF-8"?>
<!-- Generated by org.testng.reporters.JUnitReportReporter -->
<testsuite hostname="DESKTOP-CLI6E80" failures="0" tests="1" name="search.text_search" time="89.595" errors="0" timestamp="2021-01-08T10:38:17 IST" skipped="0">
  <testcase classname="search.text_search" name="books" time="89.595"/>
  <system-out/>
</testsuite> <!-- search.text_search -->
