<?xml version="1.0" encoding="UTF-8"?>
<!-- Generated by org.testng.reporters.JUnitReportReporter -->
<testsuite hostname="DESKTOP-CLI6E80" failures="0" tests="9" name="Login.Login" time="35.804" errors="0" timestamp="2021-01-29T10:29:50 IST" skipped="0">
  <testcase classname="Login.Login" name="Correct_Login" time="4.740"/>
  <system-out/>
  <testcase classname="Login.Login" name="logout" time="1.414"/>
  <system-out/>
  <testcase classname="Login.Login" name="Empty_text_fields" time="2.438"/>
  <system-out/>
  <testcase classname="Login.Login" name="Enter_spaces_in_text_fields" time="1.279"/>
  <system-out/>
  <testcase classname="Login.Login" name="worng_email" time="9.900"/>
  <system-out/>
  <testcase classname="Login.Login" name="worng_email_num" time="3.199"/>
  <system-out/>
  <testcase classname="Login.Login" name="worng_pass" time="8.679"/>
  <system-out/>
  <testcase classname="Login.Login" name="worng_pass_num" time="2.260"/>
  <system-out/>
  <testcase classname="Login.Login" name="Unregister_email" time="1.895"/>
  <system-out/>
</testsuite> <!-- Login.Login -->
