<?xml version="1.0" encoding="UTF-8"?>
<!-- Generated by org.testng.reporters.JUnitReportReporter -->
<testsuite hostname="DESKTOP-CLI6E80" failures="0" tests="1" name="Pages.homepage" time="222.002" errors="0" timestamp="2021-01-19T12:51:37 IST" skipped="0">
  <testcase classname="Pages.homepage" name="Search" time="222.002"/>
  <system-out/>
</testsuite> <!-- Pages.homepage -->
