<?xml version="1.0" encoding="UTF-8"?>
<!-- Generated by org.testng.reporters.JUnitReportReporter -->
<testsuite hostname="DESKTOP-CLI6E80" failures="0" tests="13" name="Navigation_bar.Test_links" time="386.730" errors="0" timestamp="2021-01-08T13:35:39 IST" skipped="0">
  <testcase classname="Navigation_bar.Test_links" name="sales" time="3.174"/>
  <system-out/>
  <testcase classname="Navigation_bar.Test_links" name="mCategorys" time="19.317"/>
  <system-out/>
  <testcase classname="Navigation_bar.Test_links" name="books_subCategory" time="310.514"/>
  <system-out/>
  <testcase classname="Navigation_bar.Test_links" name="English_Books_subCategory" time="9.619"/>
  <system-out/>
  <testcase classname="Navigation_bar.Test_links" name="games_subCategory" time="1.449"/>
  <system-out/>
  <testcase classname="Navigation_bar.Test_links" name="Gifts_and_leisure_subCategory" time="7.979"/>
  <system-out/>
  <testcase classname="Navigation_bar.Test_links" name="music_subCategory" time="10.169"/>
  <system-out/>
  <testcase classname="Navigation_bar.Test_links" name="Appliances_subCategory" time="4.555"/>
  <system-out/>
  <testcase classname="Navigation_bar.Test_links" name="Smartphones_subCategory" time="2.504"/>
  <system-out/>
  <testcase classname="Navigation_bar.Test_links" name="Cosmetics_and_perfumes_subCategory" time="3.390"/>
  <system-out/>
  <testcase classname="Navigation_bar.Test_links" name="HOME_subCategory" time="6.304"/>
  <system-out/>
  <testcase classname="Navigation_bar.Test_links" name="camping_subCategory" time="2.609"/>
  <system-out/>
  <testcase classname="Navigation_bar.Test_links" name="Costumers_club_subCategory" time="5.147"/>
  <system-out/>
</testsuite> <!-- Navigation_bar.Test_links -->
