<?xml version="1.0" encoding="UTF-8"?>
<!-- Generated by org.testng.reporters.JUnitReportReporter -->
<testsuite hostname="DESKTOP-CLI6E80" failures="0" tests="1" name="Pages.homepage" time="218.869" errors="0" timestamp="2021-01-19T11:32:25 IST" skipped="0">
  <testcase classname="Pages.homepage" name="Search" time="218.869"/>
  <system-out/>
</testsuite> <!-- Pages.homepage -->
