<?xml version="1.0" encoding="UTF-8"?>
<!-- Generated by org.testng.reporters.JUnitReportReporter -->
<testsuite hostname="DESKTOP-CLI6E80" failures="0" tests="5" name="Footer.link_test" time="29.442" errors="0" timestamp="2021-01-11T15:18:52 IST" skipped="0">
  <testcase classname="Footer.link_test" name="About" time="7.101"/>
  <system-out/>
  <testcase classname="Footer.link_test" name="Useful_information" time="8.109"/>
  <system-out/>
  <testcase classname="Footer.link_test" name="Login" time="4.447"/>
  <system-out/>
  <testcase classname="Footer.link_test" name="Information_for_buyers_on_the_site" time="5.515"/>
  <system-out/>
  <testcase classname="Footer.link_test" name="facebook" time="4.270"/>
  <system-out/>
</testsuite> <!-- Footer.link_test -->
