<?xml version="1.0" encoding="UTF-8"?>
<!-- Generated by org.testng.reporters.JUnitReportReporter -->
<testsuite hostname="DESKTOP-CLI6E80" failures="0" tests="5" name="Pages.homepage" time="844.274" errors="0" timestamp="2021-01-13T15:35:33 IST" skipped="0">
  <testcase classname="Pages.homepage" name="login_user" time="4.489"/>
  <system-out/>
  <testcase classname="Pages.homepage" name="Search" time="212.950"/>
  <system-out/>
  <testcase classname="Pages.homepage" name="SearchProduct" time="376.243"/>
  <system-out/>
  <testcase classname="Pages.homepage" name="Navigation_bar" time="183.155"/>
  <system-out/>
  <testcase classname="Pages.homepage" name="footer" time="67.437"/>
  <system-out/>
</testsuite> <!-- Pages.homepage -->
