<?xml version="1.0" encoding="UTF-8"?>
<!-- Generated by org.testng.reporters.JUnitReportReporter -->
<testsuite hostname="DESKTOP-CLI6E80" failures="0" tests="8" name="search.search" time="489.157" errors="0" timestamp="2021-01-06T10:01:47 IST" skipped="0">
  <testcase classname="search.search" name="books" time="223.423"/>
  <system-out/>
  <testcase classname="search.search" name="English_Books" time="45.133"/>
  <system-out/>
  <testcase classname="search.search" name="Games_toys_and_puzzles" time="26.068"/>
  <system-out/>
  <testcase classname="search.search" name="Gifts_and_leisure" time="52.749"/>
  <system-out/>
  <testcase classname="search.search" name="music" time="26.360"/>
  <system-out/>
  <testcase classname="search.search" name="Appliances_and_smartphones" time="46.151"/>
  <system-out/>
  <testcase classname="search.search" name="Cosmetics_and_perfumes" time="23.007"/>
  <system-out/>
  <testcase classname="search.search" name="Home_and_camping" time="46.266"/>
  <system-out/>
</testsuite> <!-- search.search -->
