<?xml version="1.0" encoding="UTF-8"?>
<!-- Generated by org.testng.reporters.JUnitReportReporter -->
<testsuite hostname="DESKTOP-CLI6E80" failures="0" tests="5" name="Login_Registration.Login" time="27.029" errors="0" timestamp="2021-01-20T12:28:26 IST" skipped="0">
  <testcase classname="Login_Registration.Login" name="Correct_Login" time="4.534"/>
  <system-out/>
  <testcase classname="Login_Registration.Login" name="logout" time="2.541"/>
  <system-out/>
  <testcase classname="Login_Registration.Login" name="Empty_text_fields" time="2.437"/>
  <system-out/>
  <testcase classname="Login_Registration.Login" name="worng_email" time="8.851"/>
  <system-out/>
  <testcase classname="Login_Registration.Login" name="worng_pass" time="8.666"/>
  <system-out/>
</testsuite> <!-- Login_Registration.Login -->
