<?xml version="1.0" encoding="UTF-8"?>
<!-- Generated by org.testng.reporters.JUnitReportReporter -->
<testsuite hostname="DESKTOP-CLI6E80" failures="0" tests="3" name="Pages.homepage" time="545.375" errors="0" timestamp="2021-01-12T21:00:17 IST" skipped="0">
  <testcase classname="Pages.homepage" name="login_user" time="4.487"/>
  <system-out/>
  <testcase classname="Pages.homepage" name="Navigation_bar" time="163.691"/>
  <system-out/>
  <testcase classname="Pages.homepage" name="SearchProduct" time="377.197"/>
  <system-out/>
</testsuite> <!-- Pages.homepage -->
