<?xml version="1.0" encoding="UTF-8"?>
<!-- Generated by org.testng.reporters.JUnitReportReporter -->
<testsuite hostname="DESKTOP-CLI6E80" failures="0" tests="14" name="steimatzky_Navigation_bar.navi" time="379.092" errors="0" timestamp="2021-01-06T09:10:24 IST" skipped="0">
  <testcase classname="steimatzky_Navigation_bar.navi" name="sales" time="5.148"/>
  <system-out/>
  <testcase classname="steimatzky_Navigation_bar.navi" name="mCategorys" time="18.550"/>
  <system-out/>
  <testcase classname="steimatzky_Navigation_bar.navi" name="club" time="2.826"/>
  <system-out/>
  <testcase classname="steimatzky_Navigation_bar.navi" name="books_subCategory" time="280.874"/>
  <system-out/>
  <testcase classname="steimatzky_Navigation_bar.navi" name="English_Books_subCategory" time="11.593"/>
  <system-out/>
  <testcase classname="steimatzky_Navigation_bar.navi" name="games_subCategory" time="3.338"/>
  <system-out/>
  <testcase classname="steimatzky_Navigation_bar.navi" name="Gifts_and_leisure_subCategory" time="10.612"/>
  <system-out/>
  <testcase classname="steimatzky_Navigation_bar.navi" name="music_subCategory" time="10.579"/>
  <system-out/>
  <testcase classname="steimatzky_Navigation_bar.navi" name="Appliances_subCategory" time="6.398"/>
  <system-out/>
  <testcase classname="steimatzky_Navigation_bar.navi" name="Smartphones_subCategory" time="4.048"/>
  <system-out/>
  <testcase classname="steimatzky_Navigation_bar.navi" name="Cosmetics_and_perfumes_subCategory" time="5.653"/>
  <system-out/>
  <testcase classname="steimatzky_Navigation_bar.navi" name="HOME_subCategory" time="8.402"/>
  <system-out/>
  <testcase classname="steimatzky_Navigation_bar.navi" name="camping_subCategory" time="4.178"/>
  <system-out/>
  <testcase classname="steimatzky_Navigation_bar.navi" name="Costumers_club_subCategory" time="6.893"/>
  <system-out/>
</testsuite> <!-- steimatzky_Navigation_bar.navi -->
