<?xml version="1.0" encoding="UTF-8"?>
<!-- Generated by org.testng.reporters.JUnitReportReporter -->
<testsuite hostname="DESKTOP-CLI6E80" failures="0" tests="8" name="search.search" time="494.318" errors="0" timestamp="2021-01-06T18:12:28 IST" skipped="0">
  <testcase classname="search.search" name="books" time="232.118"/>
  <system-out/>
  <testcase classname="search.search" name="English_Books" time="45.454"/>
  <system-out/>
  <testcase classname="search.search" name="Gifts_and_leisure" time="53.846"/>
  <system-out/>
  <testcase classname="search.search" name="Games_toys_and_puzzles" time="22.727"/>
  <system-out/>
  <testcase classname="search.search" name="music" time="26.880"/>
  <system-out/>
  <testcase classname="search.search" name="Appliances_and_smartphones" time="42.530"/>
  <system-out/>
  <testcase classname="search.search" name="Cosmetics_and_perfumes" time="23.722"/>
  <system-out/>
  <testcase classname="search.search" name="Home_and_camping" time="47.041"/>
  <system-out/>
</testsuite> <!-- search.search -->
