<?xml version="1.0" encoding="UTF-8"?>
<!-- Generated by org.testng.reporters.JUnitReportReporter -->
<testsuite hostname="DESKTOP-CLI6E80" failures="0" tests="8" name="Login_Registration.Login" time="30.241" errors="0" timestamp="2021-01-20T22:01:35 IST" skipped="1">
  <testcase classname="Login_Registration.Login" name="Correct_Login" time="4.535"/>
  <system-out/>
  <testcase classname="Login_Registration.Login" name="logout" time="1.372"/>
  <system-out/>
  <testcase classname="Login_Registration.Login" name="Empty_text_fields" time="2.433"/>
  <system-out/>
  <testcase classname="Login_Registration.Login" name="worng_email" time="8.827"/>
  <system-out/>
  <testcase classname="Login_Registration.Login" name="worng_email_num" time="2.154"/>
  <system-out/>
  <testcase classname="Login_Registration.Login" name="worng_pass" time="8.668"/>
  <system-out/>
  <testcase classname="Login_Registration.Login" name="worng_pass_num" time="2.252"/>
  <system-out/>
  <testcase classname="Login_Registration.Login" name="Unregister_email">
    <skipped/>
  </testcase> <!-- Unregister_email -->
  <system-out/>
</testsuite> <!-- Login_Registration.Login -->
