<?xml version="1.0" encoding="UTF-8"?>
<!-- Generated by org.testng.reporters.JUnitReportReporter -->
<testsuite hostname="DESKTOP-CLI6E80" failures="0" tests="5" name="Footer.Footer_link_test" time="33.715" errors="0" timestamp="2021-01-12T16:56:15 IST" skipped="0">
  <testcase classname="Footer.Footer_link_test" name="About" time="8.107"/>
  <system-out/>
  <testcase classname="Footer.Footer_link_test" name="Useful_information" time="9.126"/>
  <system-out/>
  <testcase classname="Footer.Footer_link_test" name="Login" time="4.437"/>
  <system-out/>
  <testcase classname="Footer.Footer_link_test" name="Information_for_buyers_on_the_site" time="6.279"/>
  <system-out/>
  <testcase classname="Footer.Footer_link_test" name="facebook" time="5.766"/>
  <system-out/>
</testsuite> <!-- Footer.Footer_link_test -->
