<?xml version="1.0" encoding="UTF-8"?>
<!-- Generated by org.testng.reporters.JUnitReportReporter -->
<testsuite hostname="DESKTOP-CLI6E80" failures="0" tests="14" name="Navigation_bar.Navigation_bar" time="384.390" errors="0" timestamp="2021-01-06T11:31:21 IST" skipped="0">
  <testcase classname="Navigation_bar.Navigation_bar" name="sales" time="4.982"/>
  <system-out/>
  <testcase classname="Navigation_bar.Navigation_bar" name="mCategorys" time="19.822"/>
  <system-out/>
  <testcase classname="Navigation_bar.Navigation_bar" name="club" time="2.837"/>
  <system-out/>
  <testcase classname="Navigation_bar.Navigation_bar" name="books_subCategory" time="284.380"/>
  <system-out/>
  <testcase classname="Navigation_bar.Navigation_bar" name="English_Books_subCategory" time="11.241"/>
  <system-out/>
  <testcase classname="Navigation_bar.Navigation_bar" name="games_subCategory" time="3.442"/>
  <system-out/>
  <testcase classname="Navigation_bar.Navigation_bar" name="Gifts_and_leisure_subCategory" time="10.672"/>
  <system-out/>
  <testcase classname="Navigation_bar.Navigation_bar" name="music_subCategory" time="11.464"/>
  <system-out/>
  <testcase classname="Navigation_bar.Navigation_bar" name="Appliances_subCategory" time="6.887"/>
  <system-out/>
  <testcase classname="Navigation_bar.Navigation_bar" name="Smartphones_subCategory" time="4.085"/>
  <system-out/>
  <testcase classname="Navigation_bar.Navigation_bar" name="Cosmetics_and_perfumes_subCategory" time="5.511"/>
  <system-out/>
  <testcase classname="Navigation_bar.Navigation_bar" name="HOME_subCategory" time="8.110"/>
  <system-out/>
  <testcase classname="Navigation_bar.Navigation_bar" name="camping_subCategory" time="4.175"/>
  <system-out/>
  <testcase classname="Navigation_bar.Navigation_bar" name="Costumers_club_subCategory" time="6.782"/>
  <system-out/>
</testsuite> <!-- Navigation_bar.Navigation_bar -->
