<?xml version="1.0" encoding="UTF-8"?>
<!-- Generated by org.testng.reporters.JUnitReportReporter -->
<testsuite hostname="DESKTOP-CLI6E80" failures="0" tests="5" name="Pages.homepage" time="797.632" errors="0" timestamp="2021-01-17T09:05:10 IST" skipped="0">
  <testcase classname="Pages.homepage" name="login_user" time="4.510"/>
  <system-out/>
  <testcase classname="Pages.homepage" name="Navigation_bar" time="159.803"/>
  <system-out/>
  <testcase classname="Pages.homepage" name="SearchProduct" time="354.670"/>
  <system-out/>
  <testcase classname="Pages.homepage" name="Search" time="211.639"/>
  <system-out/>
  <testcase classname="Pages.homepage" name="footer" time="67.010"/>
  <system-out/>
</testsuite> <!-- Pages.homepage -->
