<?xml version="1.0" encoding="UTF-8"?>
<!-- Generated by org.testng.reporters.JUnitReportReporter -->
<testsuite hostname="DESKTOP-CLI6E80" failures="0" tests="1" name="Pages.homepage" time="4.525" errors="0" timestamp="2021-01-13T10:16:50 IST" skipped="0">
  <testcase classname="Pages.homepage" name="login_user" time="4.525"/>
  <system-out/>
</testsuite> <!-- Pages.homepage -->
