<?xml version="1.0" encoding="UTF-8"?>
<!-- Generated by org.testng.reporters.JUnitReportReporter -->
<testsuite hostname="DESKTOP-CLI6E80" failures="0" tests="16" name="Pages.my_account" time="641.820" errors="0" timestamp="2021-02-01T12:18:22 IST" skipped="0">
  <testcase classname="Pages.my_account" name="login" time="4.513"/>
  <system-out/>
  <testcase classname="Pages.my_account" name="Account_Control_Panel" time="0.962"/>
  <system-out/>
  <testcase classname="Pages.my_account" name="Account_Details" time="3.726"/>
  <system-out/>
  <testcase classname="Pages.my_account" name="Address_book" time="1.825"/>
  <system-out/>
  <testcase classname="Pages.my_account" name="addAddress" time="2.698"/>
  <system-out/>
  <testcase classname="Pages.my_account" name="added_address" time="1.031"/>
  <system-out/>
  <testcase classname="Pages.my_account" name="remove_addresses_additional" time="2.133"/>
  <system-out/>
  <testcase classname="Pages.my_account" name="My_orders" time="0.834"/>
  <system-out/>
  <testcase classname="Pages.my_account" name="Club" time="3.019"/>
  <system-out/>
  <testcase classname="Pages.my_account" name="Cart" time="0.159"/>
  <system-out/>
  <testcase classname="Pages.my_account" name="Popup_cart" time="3.824"/>
  <system-out/>
  <testcase classname="Pages.my_account" name="Steimatzky_prime" time="1.699"/>
  <system-out/>
  <testcase classname="Pages.my_account" name="Navigation_bar" time="155.628"/>
  <system-out/>
  <testcase classname="Pages.my_account" name="SearchProduct" time="363.209"/>
  <system-out/>
  <testcase classname="Pages.my_account" name="Search" time="33.864"/>
  <system-out/>
  <testcase classname="Pages.my_account" name="Footer" time="62.696"/>
  <system-out/>
</testsuite> <!-- Pages.my_account -->
