<?xml version="1.0" encoding="UTF-8"?>
<!-- Generated by org.testng.reporters.JUnitReportReporter -->
<testsuite hostname="DESKTOP-CLI6E80" failures="0" tests="3" name="Login_Registration.Login" time="8.322" errors="0" timestamp="2021-01-19T13:44:32 IST" skipped="0">
  <testcase classname="Login_Registration.Login" name="Correct_Login" time="4.636"/>
  <system-out/>
  <testcase classname="Login_Registration.Login" name="logout" time="1.242"/>
  <system-out/>
  <testcase classname="Login_Registration.Login" name="Empty_text_fields" time="2.444"/>
  <system-out/>
</testsuite> <!-- Login_Registration.Login -->
