<?xml version="1.0" encoding="UTF-8"?>
<!-- Generated by org.testng.reporters.JUnitReportReporter -->
<testsuite hostname="DESKTOP-CLI6E80" failures="0" tests="8" name="search.search" time="210.946" errors="0" timestamp="2021-01-10T16:06:33 IST" skipped="0">
  <testcase classname="search.search" name="space" time="2.539"/>
  <system-out/>
  <testcase classname="search.search" name="key_word" time="22.367"/>
  <system-out/>
  <testcase classname="search.search" name="authorTitle" time="37.765"/>
  <system-out/>
  <testcase classname="search.search" name="EauthorTitle" time="24.457"/>
  <system-out/>
  <testcase classname="search.search" name="Negative" time="17.282"/>
  <system-out/>
  <testcase classname="search.search" name="Boundary" time="11.102"/>
  <system-out/>
  <testcase classname="search.search" name="Num" time="2.127"/>
  <system-out/>
  <testcase classname="search.search" name="clean_search_field" time="93.307"/>
  <system-out/>
</testsuite> <!-- search.search -->
