<?xml version="1.0" encoding="UTF-8"?>
<!-- Generated by org.testng.reporters.JUnitReportReporter -->
<testsuite hostname="DESKTOP-CLI6E80" failures="0" tests="5" name="search.text_search" time="129.344" errors="0" timestamp="2021-01-07T14:35:09 IST" skipped="0">
  <testcase classname="search.text_search" name="authorTitle" time="41.577"/>
  <system-out/>
  <testcase classname="search.text_search" name="EauthorTitle" time="23.764"/>
  <system-out/>
  <testcase classname="search.text_search" name="key_word" time="34.228"/>
  <system-out/>
  <testcase classname="search.text_search" name="Boundary" time="12.027"/>
  <system-out/>
  <testcase classname="search.text_search" name="Negative" time="17.748"/>
  <system-out/>
</testsuite> <!-- search.text_search -->
