<?xml version="1.0" encoding="UTF-8"?>
<!-- Generated by org.testng.reporters.JUnitReportReporter -->
<testsuite hostname="DESKTOP-CLI6E80" failures="0" tests="5" name="Pages.homepage" time="824.734" errors="0" timestamp="2021-01-16T17:29:49 IST" skipped="0">
  <testcase classname="Pages.homepage" name="login_user" time="4.514"/>
  <system-out/>
  <testcase classname="Pages.homepage" name="Navigation_bar" time="165.458"/>
  <system-out/>
  <testcase classname="Pages.homepage" name="SearchProduct" time="370.470"/>
  <system-out/>
  <testcase classname="Pages.homepage" name="Search" time="217.191"/>
  <system-out/>
  <testcase classname="Pages.homepage" name="footer" time="67.101"/>
  <system-out/>
</testsuite> <!-- Pages.homepage -->
