<?xml version="1.0" encoding="UTF-8"?>
<!-- Generated by org.testng.reporters.JUnitReportReporter -->
<testsuite hostname="DESKTOP-CLI6E80" failures="0" tests="2" name="Login_Registration.Login" time="7.479" errors="0" timestamp="2021-01-19T12:17:49 IST" skipped="0">
  <testcase classname="Login_Registration.Login" name="Correct_Login" time="5.986"/>
  <system-out/>
  <testcase classname="Login_Registration.Login" name="logout" time="1.493"/>
  <system-out/>
</testsuite> <!-- Login_Registration.Login -->
