<?xml version="1.0" encoding="UTF-8"?>
<!-- Generated by org.testng.reporters.JUnitReportReporter -->
<testsuite hostname="DESKTOP-CLI6E80" failures="0" tests="5" name="Pages.homepage" time="841.184" errors="0" timestamp="2021-01-15T13:47:28 IST" skipped="0">
  <testcase classname="Pages.homepage" name="login_user" time="4.526"/>
  <system-out/>
  <testcase classname="Pages.homepage" name="Navigation_bar" time="177.470"/>
  <system-out/>
  <testcase classname="Pages.homepage" name="SearchProduct" time="377.123"/>
  <system-out/>
  <testcase classname="Pages.homepage" name="Search" time="214.563"/>
  <system-out/>
  <testcase classname="Pages.homepage" name="footer" time="67.502"/>
  <system-out/>
</testsuite> <!-- Pages.homepage -->
