<?xml version="1.0" encoding="UTF-8"?>
<!-- Generated by org.testng.reporters.JUnitReportReporter -->
<testsuite hostname="DESKTOP-CLI6E80" failures="0" tests="6" name="Pages.homepage" time="867.010" errors="0" timestamp="2021-01-17T16:27:12 IST" skipped="0">
  <testcase classname="Pages.homepage" name="login_user" time="4.525"/>
  <system-out/>
  <testcase classname="Pages.homepage" name="callPoppup" time="8.256"/>
  <system-out/>
  <testcase classname="Pages.homepage" name="Navigation_bar" time="174.739"/>
  <system-out/>
  <testcase classname="Pages.homepage" name="SearchProduct" time="391.113"/>
  <system-out/>
  <testcase classname="Pages.homepage" name="Search" time="221.246"/>
  <system-out/>
  <testcase classname="Pages.homepage" name="footer" time="67.131"/>
  <system-out/>
</testsuite> <!-- Pages.homepage -->
