<?xml version="1.0" encoding="UTF-8"?>
<!-- Generated by org.testng.reporters.JUnitReportReporter -->
<<<<<<< HEAD
<testsuite hostname="DESKTOP-CLI6E80" failures="0" tests="1" name="search.search" time="23.416" errors="0" timestamp="2021-01-11T12:18:08 IST" skipped="0">
  <testcase classname="search.search" name="key_word" time="23.416"/>
=======
<testsuite hostname="DESKTOP-CLI6E80" failures="0" tests="1" name="search.search" time="21.622" errors="0" timestamp="2021-01-12T16:16:27 IST" skipped="0">
  <testcase classname="search.search" name="EauthorTitle" time="21.622"/>
>>>>>>> f18bfbe30901af35647b16835002ddb05641e955
  <system-out/>
</testsuite> <!-- search.search -->
