<?xml version="1.0" encoding="UTF-8"?>
<!-- Generated by org.testng.reporters.JUnitReportReporter -->
<testsuite hostname="DESKTOP-CLI6E80" failures="0" tests="6" name="Pages.homepage" time="819.233" errors="0" timestamp="2021-01-20T14:42:41 IST" skipped="0">
  <testcase classname="Pages.homepage" name="login_user" time="5.575"/>
  <system-out/>
  <testcase classname="Pages.homepage" name="callPoppup" time="8.125"/>
  <system-out/>
  <testcase classname="Pages.homepage" name="Navigation_bar" time="162.151"/>
  <system-out/>
  <testcase classname="Pages.homepage" name="SearchProduct" time="362.052"/>
  <system-out/>
  <testcase classname="Pages.homepage" name="Search" time="218.592"/>
  <system-out/>
  <testcase classname="Pages.homepage" name="footer" time="62.738"/>
  <system-out/>
</testsuite> <!-- Pages.homepage -->
