<?xml version="1.0" encoding="UTF-8"?>
<!-- Generated by org.testng.reporters.JUnitReportReporter -->
<testsuite hostname="DESKTOP-CLI6E80" failures="0" tests="1" name="Login_Registration.Login" time="4.654" errors="0" timestamp="2021-01-19T12:08:21 IST" skipped="0">
  <testcase classname="Login_Registration.Login" name="login_standard" time="4.654"/>
  <system-out/>
</testsuite> <!-- Login_Registration.Login -->
