<?xml version="1.0" encoding="UTF-8"?>
<!-- Generated by org.testng.reporters.JUnitReportReporter -->
<testsuite hostname="DESKTOP-CLI6E80" failures="0" tests="9" name="Pages.my_account" time="18.558" errors="0" timestamp="2021-01-30T15:49:52 IST" skipped="0">
  <testcase classname="Pages.my_account" name="login" time="4.572"/>
  <system-out/>
  <testcase classname="Pages.my_account" name="Account_Control_Panel" time="0.758"/>
  <system-out/>
  <testcase classname="Pages.my_account" name="Account_Detailes" time="3.518"/>
  <system-out/>
  <testcase classname="Pages.my_account" name="address_book" time="0.754"/>
  <system-out/>
  <testcase classname="Pages.my_account" name="my_orders" time="0.750"/>
  <system-out/>
  <testcase classname="Pages.my_account" name="clube" time="2.824"/>
  <system-out/>
  <testcase classname="Pages.my_account" name="cart" time="0.105"/>
  <system-out/>
  <testcase classname="Pages.my_account" name="window_cart" time="3.604"/>
  <system-out/>
  <testcase classname="Pages.my_account" name="steimatzky_prime" time="1.673"/>
  <system-out/>
</testsuite> <!-- Pages.my_account -->
