<?xml version="1.0" encoding="UTF-8"?>
<!-- Generated by org.testng.reporters.JUnitReportReporter -->
<testsuite hostname="DESKTOP-CLI6E80" failures="0" tests="8" name="search.search" time="564.004" errors="0" timestamp="2021-01-06T15:26:49 IST" skipped="0">
  <testcase classname="search.search" name="books" time="267.133"/>
  <system-out/>
  <testcase classname="search.search" name="English_Books" time="55.871"/>
  <system-out/>
  <testcase classname="search.search" name="Gifts_and_leisure" time="61.366"/>
  <system-out/>
  <testcase classname="search.search" name="Games_toys_and_puzzles" time="28.140"/>
  <system-out/>
  <testcase classname="search.search" name="music" time="29.758"/>
  <system-out/>
  <testcase classname="search.search" name="Appliances_and_smartphones" time="46.913"/>
  <system-out/>
  <testcase classname="search.search" name="Cosmetics_and_perfumes" time="25.824"/>
  <system-out/>
  <testcase classname="search.search" name="Home_and_camping" time="48.999"/>
  <system-out/>
</testsuite> <!-- search.search -->
