<?xml version="1.0" encoding="UTF-8"?>
<!-- Generated by org.testng.reporters.JUnitReportReporter -->
<testsuite hostname="DESKTOP-CLI6E80" failures="0" tests="14" name="Navigation_bar.Test_links" time="181.197" errors="0" timestamp="2021-01-11T13:35:21 IST" skipped="0">
  <testcase classname="Navigation_bar.Test_links" name="Sales" time="3.284"/>
  <system-out/>
  <testcase classname="Navigation_bar.Test_links" name="mCategorys" time="18.912"/>
  <system-out/>
  <testcase classname="Navigation_bar.Test_links" name="Books_subCategory" time="92.692"/>
  <system-out/>
  <testcase classname="Navigation_bar.Test_links" name="English_Books_subCategory" time="9.747"/>
  <system-out/>
  <testcase classname="Navigation_bar.Test_links" name="Games_subCategory" time="1.546"/>
  <system-out/>
  <testcase classname="Navigation_bar.Test_links" name="Gifts_and_leisure_subCategory" time="8.591"/>
  <system-out/>
  <testcase classname="Navigation_bar.Test_links" name="Music_subCategory" time="10.253"/>
  <system-out/>
  <testcase classname="Navigation_bar.Test_links" name="Appliances_subCategory" time="4.929"/>
  <system-out/>
  <testcase classname="Navigation_bar.Test_links" name="Smartphones_subCategory" time="2.877"/>
  <system-out/>
  <testcase classname="Navigation_bar.Test_links" name="Cosmetics_and_perfumes_subCategory" time="7.548"/>
  <system-out/>
  <testcase classname="Navigation_bar.Test_links" name="HOME_subCategory" time="8.307"/>
  <system-out/>
  <testcase classname="Navigation_bar.Test_links" name="Camping_subCategory" time="3.211"/>
  <system-out/>
  <testcase classname="Navigation_bar.Test_links" name="Login" time="4.437"/>
  <system-out/>
  <testcase classname="Navigation_bar.Test_links" name="Costumers_club_subCategory" time="4.863"/>
  <system-out/>
</testsuite> <!-- Navigation_bar.Test_links -->
