<?xml version="1.0" encoding="UTF-8"?>
<!-- Generated by org.testng.reporters.JUnitReportReporter -->
<testsuite hostname="DESKTOP-CLI6E80" failures="0" tests="6" name="Pages.homepage" time="788.659" errors="0" timestamp="2021-01-21T11:49:18 IST" skipped="0">
  <testcase classname="Pages.homepage" name="login_user" time="4.541"/>
  <system-out/>
  <testcase classname="Pages.homepage" name="callPoppup" time="8.031"/>
  <system-out/>
  <testcase classname="Pages.homepage" name="Navigation_bar" time="152.824"/>
  <system-out/>
  <testcase classname="Pages.homepage" name="SearchProduct" time="348.204"/>
  <system-out/>
  <testcase classname="Pages.homepage" name="Search" time="213.420"/>
  <system-out/>
  <testcase classname="Pages.homepage" name="footer" time="61.639"/>
  <system-out/>
</testsuite> <!-- Pages.homepage -->
