<?xml version="1.0" encoding="UTF-8"?>
<!-- Generated by org.testng.reporters.JUnitReportReporter -->
<testsuite hostname="DESKTOP-CLI6E80" failures="0" tests="13" name="Navigation_bar.Test_links" time="60.403" errors="0" timestamp="2021-01-12T15:40:43 IST" skipped="2">
  <testcase classname="Navigation_bar.Test_links" name="sales" time="3.219"/>
  <system-out/>
  <testcase classname="Navigation_bar.Test_links" name="English_Books_subCategory" time="10.312"/>
  <system-out/>
  <testcase classname="Navigation_bar.Test_links" name="games_subCategory" time="1.650"/>
  <system-out/>
  <testcase classname="Navigation_bar.Test_links" name="Gifts_and_leisure_subCategory" time="9.245"/>
  <system-out/>
  <testcase classname="Navigation_bar.Test_links" name="music_subCategory" time="10.086"/>
  <system-out/>
  <testcase classname="Navigation_bar.Test_links" name="Appliances_subCategory" time="5.081"/>
  <system-out/>
  <testcase classname="Navigation_bar.Test_links" name="Smartphones_subCategory" time="2.498"/>
  <system-out/>
  <testcase classname="Navigation_bar.Test_links" name="Cosmetics_and_perfumes_subCategory" time="3.924"/>
  <system-out/>
  <testcase classname="Navigation_bar.Test_links" name="HOME_subCategory" time="6.374"/>
  <system-out/>
  <testcase classname="Navigation_bar.Test_links" name="camping_subCategory" time="2.196"/>
  <system-out/>
  <testcase classname="Navigation_bar.Test_links" name="Costumers_club_subCategory" time="5.818"/>
  <system-out/>
  <testcase classname="Navigation_bar.Test_links" name="books_subCategory">
    <skipped/>
  </testcase> <!-- books_subCategory -->
  <system-out/>
  <testcase classname="Navigation_bar.Test_links" name="mCategorys">
    <skipped/>
  </testcase> <!-- mCategorys -->
  <system-out/>
</testsuite> <!-- Navigation_bar.Test_links -->
