<?xml version="1.0" encoding="UTF-8"?>
<!-- Generated by org.testng.reporters.JUnitReportReporter -->
<testsuite hostname="DESKTOP-CLI6E80" failures="0" tests="3" name="Login_Registration.Login" time="8.318" errors="0" timestamp="2021-01-19T13:54:43 IST" skipped="0">
  <testcase classname="Login_Registration.Login" name="Correct_Login" time="4.600"/>
  <system-out/>
  <testcase classname="Login_Registration.Login" name="logout" time="1.260"/>
  <system-out/>
  <testcase classname="Login_Registration.Login" name="Empty_text_fields" time="2.458"/>
  <system-out/>
</testsuite> <!-- Login_Registration.Login -->
