<?xml version="1.0" encoding="UTF-8"?>
<!-- Generated by org.testng.reporters.JUnitReportReporter -->
<testsuite hostname="DESKTOP-CLI6E80" failures="0" tests="8" name="Pages.my_account" time="18.150" errors="0" timestamp="2021-01-30T11:42:39 IST" skipped="0">
  <testcase classname="Pages.my_account" name="login" time="4.592"/>
  <system-out/>
  <testcase classname="Pages.my_account" name="Account_Control_Panel" time="0.974"/>
  <system-out/>
  <testcase classname="Pages.my_account" name="Account_Detailes" time="3.951"/>
  <system-out/>
  <testcase classname="Pages.my_account" name="address_book" time="0.781"/>
  <system-out/>
  <testcase classname="Pages.my_account" name="my_orders" time="0.855"/>
  <system-out/>
  <testcase classname="Pages.my_account" name="clube" time="3.183"/>
  <system-out/>
  <testcase classname="Pages.my_account" name="cart" time="0.104"/>
  <system-out/>
  <testcase classname="Pages.my_account" name="window_cart" time="3.710"/>
  <system-out/>
</testsuite> <!-- Pages.my_account -->
