<?xml version="1.0" encoding="UTF-8"?>
<!-- Generated by org.testng.reporters.JUnitReportReporter -->
<testsuite hostname="DESKTOP-CLI6E80" failures="0" tests="6" name="Pages.homepage" time="46.803" errors="0" timestamp="2021-01-24T15:30:30 IST" skipped="5">
  <testcase classname="Pages.homepage" name="Search" time="46.803"/>
  <system-out/>
  <testcase classname="Pages.homepage" name="SearchProduct">
    <skipped/>
  </testcase> <!-- SearchProduct -->
  <system-out/>
  <testcase classname="Pages.homepage" name="login_user">
    <skipped/>
  </testcase> <!-- login_user -->
  <system-out/>
  <testcase classname="Pages.homepage" name="Navigation_bar">
    <skipped/>
  </testcase> <!-- Navigation_bar -->
  <system-out/>
  <testcase classname="Pages.homepage" name="callPoppup">
    <skipped/>
  </testcase> <!-- callPoppup -->
  <system-out/>
  <testcase classname="Pages.homepage" name="footer">
    <skipped/>
  </testcase> <!-- footer -->
  <system-out/>
</testsuite> <!-- Pages.homepage -->
