<?xml version="1.0" encoding="UTF-8"?>
<!-- Generated by org.testng.reporters.JUnitReportReporter -->
<testsuite hostname="DESKTOP-CLI6E80" failures="0" tests="5" name="Pages.homepage" time="4.547" errors="0" timestamp="2021-01-15T22:49:32 IST" skipped="4">
  <testcase classname="Pages.homepage" name="login_user" time="4.547"/>
  <system-out/>
  <testcase classname="Pages.homepage" name="SearchProduct">
    <skipped/>
  </testcase> <!-- SearchProduct -->
  <system-out/>
  <testcase classname="Pages.homepage" name="Search">
    <skipped/>
  </testcase> <!-- Search -->
  <system-out/>
  <testcase classname="Pages.homepage" name="Navigation_bar">
    <skipped/>
  </testcase> <!-- Navigation_bar -->
  <system-out/>
  <testcase classname="Pages.homepage" name="footer">
    <skipped/>
  </testcase> <!-- footer -->
  <system-out/>
</testsuite> <!-- Pages.homepage -->
