<?xml version="1.0" encoding="UTF-8"?>
<!-- Generated by org.testng.reporters.JUnitReportReporter -->
<testsuite hostname="DESKTOP-CLI6E80" failures="0" tests="6" name="Pages.homepage" time="896.465" errors="0" timestamp="2021-02-01T11:48:44 IST" skipped="0">
  <testcase classname="Pages.homepage" name="login_user" time="4.502"/>
  <system-out/>
  <testcase classname="Pages.homepage" name="callPoppup" time="8.043"/>
  <system-out/>
  <testcase classname="Pages.homepage" name="Navigation_bar" time="167.269"/>
  <system-out/>
  <testcase classname="Pages.homepage" name="SearchProduct" time="365.068"/>
  <system-out/>
  <testcase classname="Pages.homepage" name="Search" time="288.080"/>
  <system-out/>
  <testcase classname="Pages.homepage" name="footer" time="63.503"/>
  <system-out/>
</testsuite> <!-- Pages.homepage -->
