<?xml version="1.0" encoding="UTF-8"?>
<!-- Generated by org.testng.reporters.JUnitReportReporter -->
<testsuite hostname="DESKTOP-CLI6E80" failures="0" tests="16" name="Pages.my_account" time="31.764" errors="0" timestamp="2021-02-02T14:04:38 IST" skipped="4">
  <testcase classname="Pages.my_account" name="login" time="4.586"/>
  <system-out/>
  <testcase classname="Pages.my_account" name="Account_Control_Panel" time="0.945"/>
  <system-out/>
  <testcase classname="Pages.my_account" name="Account_Details" time="3.549"/>
  <system-out/>
  <testcase classname="Pages.my_account" name="Address_book" time="1.890"/>
  <system-out/>
  <testcase classname="Pages.my_account" name="addAddress" time="2.824"/>
  <system-out/>
  <testcase classname="Pages.my_account" name="added_address" time="1.044"/>
  <system-out/>
  <testcase classname="Pages.my_account" name="remove_addresses_additional" time="2.031"/>
  <system-out/>
  <testcase classname="Pages.my_account" name="My_orders" time="0.809"/>
  <system-out/>
  <testcase classname="Pages.my_account" name="Club" time="3.238"/>
  <system-out/>
  <testcase classname="Pages.my_account" name="Cart" time="5.023"/>
  <system-out/>
  <testcase classname="Pages.my_account" name="Popup_cart" time="4.036"/>
  <system-out/>
  <testcase classname="Pages.my_account" name="Steimatzky_prime" time="1.789"/>
  <system-out/>
  <testcase classname="Pages.my_account" name="SearchProduct">
    <skipped/>
  </testcase> <!-- SearchProduct -->
  <system-out/>
  <testcase classname="Pages.my_account" name="Search">
    <skipped/>
  </testcase> <!-- Search -->
  <system-out/>
  <testcase classname="Pages.my_account" name="Navigation_bar">
    <skipped/>
  </testcase> <!-- Navigation_bar -->
  <system-out/>
  <testcase classname="Pages.my_account" name="Footer">
    <skipped/>
  </testcase> <!-- Footer -->
  <system-out/>
</testsuite> <!-- Pages.my_account -->
