<?xml version="1.0" encoding="UTF-8"?>
<!-- Generated by org.testng.reporters.JUnitReportReporter -->
<testsuite hostname="DESKTOP-CLI6E80" failures="0" tests="5" name="Pages.homepage" time="75.826" errors="0" timestamp="2021-01-15T22:39:12 IST" skipped="2">
  <testcase classname="Pages.homepage" name="login_user" time="4.496"/>
  <system-out/>
  <testcase classname="Pages.homepage" name="Navigation_bar" time="4.115"/>
  <system-out/>
  <testcase classname="Pages.homepage" name="footer" time="67.215"/>
  <system-out/>
  <testcase classname="Pages.homepage" name="SearchProduct">
    <skipped/>
  </testcase> <!-- SearchProduct -->
  <system-out/>
  <testcase classname="Pages.homepage" name="Search">
    <skipped/>
  </testcase> <!-- Search -->
  <system-out/>
</testsuite> <!-- Pages.homepage -->
