<?xml version="1.0" encoding="UTF-8"?>
<!-- Generated by org.testng.reporters.JUnitReportReporter -->
<testsuite hostname="DESKTOP-CLI6E80" failures="0" tests="14" name="Navigation_bar.Navigation_bar" time="386.520" errors="0" timestamp="2021-01-06T10:59:27 IST" skipped="0">
  <testcase classname="Navigation_bar.Navigation_bar" name="sales" time="5.115"/>
  <system-out/>
  <testcase classname="Navigation_bar.Navigation_bar" name="mCategorys" time="17.429"/>
  <system-out/>
  <testcase classname="Navigation_bar.Navigation_bar" name="club" time="2.832"/>
  <system-out/>
  <testcase classname="Navigation_bar.Navigation_bar" name="books_subCategory" time="288.864"/>
  <system-out/>
  <testcase classname="Navigation_bar.Navigation_bar" name="English_Books_subCategory" time="11.703"/>
  <system-out/>
  <testcase classname="Navigation_bar.Navigation_bar" name="games_subCategory" time="3.439"/>
  <system-out/>
  <testcase classname="Navigation_bar.Navigation_bar" name="Gifts_and_leisure_subCategory" time="11.194"/>
  <system-out/>
  <testcase classname="Navigation_bar.Navigation_bar" name="music_subCategory" time="10.688"/>
  <system-out/>
  <testcase classname="Navigation_bar.Navigation_bar" name="Appliances_subCategory" time="6.296"/>
  <system-out/>
  <testcase classname="Navigation_bar.Navigation_bar" name="Smartphones_subCategory" time="4.102"/>
  <system-out/>
  <testcase classname="Navigation_bar.Navigation_bar" name="Cosmetics_and_perfumes_subCategory" time="5.934"/>
  <system-out/>
  <testcase classname="Navigation_bar.Navigation_bar" name="HOME_subCategory" time="7.851"/>
  <system-out/>
  <testcase classname="Navigation_bar.Navigation_bar" name="camping_subCategory" time="4.232"/>
  <system-out/>
  <testcase classname="Navigation_bar.Navigation_bar" name="Costumers_club_subCategory" time="6.841"/>
  <system-out/>
</testsuite> <!-- Navigation_bar.Navigation_bar -->
