<?xml version="1.0" encoding="UTF-8"?>
<!-- Generated by org.testng.reporters.JUnitReportReporter -->
<testsuite hostname="DESKTOP-CLI6E80" failures="0" tests="5" name="Pages.my_account" time="12.282" errors="0" timestamp="2021-01-29T13:52:50 IST" skipped="0">
  <testcase classname="Pages.my_account" name="login" time="4.549"/>
  <system-out/>
  <testcase classname="Pages.my_account" name="Account_Control_Panel" time="1.029"/>
  <system-out/>
  <testcase classname="Pages.my_account" name="Account_Detailes" time="3.899"/>
  <system-out/>
  <testcase classname="Pages.my_account" name="address_book" time="2.801"/>
  <system-out/>
  <testcase classname="Pages.my_account" name="my_orders" time="0.004"/>
  <system-out/>
</testsuite> <!-- Pages.my_account -->
