<?xml version="1.0" encoding="UTF-8"?>
<!-- Generated by org.testng.reporters.JUnitReportReporter -->
<testsuite hostname="DESKTOP-CLI6E80" failures="0" tests="14" name="Navigation_bar.Navigation_bar" time="366.781" errors="0" timestamp="2021-01-07T12:04:15 IST" skipped="0">
  <testcase classname="Navigation_bar.Navigation_bar" name="sales" time="3.191"/>
  <system-out/>
  <testcase classname="Navigation_bar.Navigation_bar" name="mCategorys" time="18.367"/>
  <system-out/>
  <testcase classname="Navigation_bar.Navigation_bar" name="club" time="0.880"/>
  <system-out/>
  <testcase classname="Navigation_bar.Navigation_bar" name="books_subCategory" time="289.519"/>
  <system-out/>
  <testcase classname="Navigation_bar.Navigation_bar" name="English_Books_subCategory" time="9.725"/>
  <system-out/>
  <testcase classname="Navigation_bar.Navigation_bar" name="games_subCategory" time="1.440"/>
  <system-out/>
  <testcase classname="Navigation_bar.Navigation_bar" name="Gifts_and_leisure_subCategory" time="7.817"/>
  <system-out/>
  <testcase classname="Navigation_bar.Navigation_bar" name="music_subCategory" time="8.929"/>
  <system-out/>
  <testcase classname="Navigation_bar.Navigation_bar" name="Appliances_subCategory" time="5.461"/>
  <system-out/>
  <testcase classname="Navigation_bar.Navigation_bar" name="Smartphones_subCategory" time="2.422"/>
  <system-out/>
  <testcase classname="Navigation_bar.Navigation_bar" name="Cosmetics_and_perfumes_subCategory" time="3.902"/>
  <system-out/>
  <testcase classname="Navigation_bar.Navigation_bar" name="HOME_subCategory" time="7.736"/>
  <system-out/>
  <testcase classname="Navigation_bar.Navigation_bar" name="camping_subCategory" time="2.485"/>
  <system-out/>
  <testcase classname="Navigation_bar.Navigation_bar" name="Costumers_club_subCategory" time="4.907"/>
  <system-out/>
</testsuite> <!-- Navigation_bar.Navigation_bar -->
