<?xml version="1.0" encoding="UTF-8"?>
<!-- Generated by org.testng.reporters.JUnitReportReporter -->
<testsuite hostname="DESKTOP-CLI6E80" failures="0" tests="14" name="Navigation_bar.Test_links" time="9.250" errors="0" timestamp="2021-01-11T10:14:36 IST" skipped="12">
  <testcase classname="Navigation_bar.Test_links" name="Login" time="4.532"/>
  <system-out/>
  <testcase classname="Navigation_bar.Test_links" name="Costumers_club_subCategory" time="4.718"/>
  <system-out/>
  <testcase classname="Navigation_bar.Test_links" name="books_subCategory">
    <skipped/>
  </testcase> <!-- books_subCategory -->
  <system-out/>
  <testcase classname="Navigation_bar.Test_links" name="sales">
    <skipped/>
  </testcase> <!-- sales -->
  <system-out/>
  <testcase classname="Navigation_bar.Test_links" name="Cosmetics_and_perfumes_subCategory">
    <skipped/>
  </testcase> <!-- Cosmetics_and_perfumes_subCategory -->
  <system-out/>
  <testcase classname="Navigation_bar.Test_links" name="music_subCategory">
    <skipped/>
  </testcase> <!-- music_subCategory -->
  <system-out/>
  <testcase classname="Navigation_bar.Test_links" name="games_subCategory">
    <skipped/>
  </testcase> <!-- games_subCategory -->
  <system-out/>
  <testcase classname="Navigation_bar.Test_links" name="Gifts_and_leisure_subCategory">
    <skipped/>
  </testcase> <!-- Gifts_and_leisure_subCategory -->
  <system-out/>
  <testcase classname="Navigation_bar.Test_links" name="camping_subCategory">
    <skipped/>
  </testcase> <!-- camping_subCategory -->
  <system-out/>
  <testcase classname="Navigation_bar.Test_links" name="mCategorys">
    <skipped/>
  </testcase> <!-- mCategorys -->
  <system-out/>
  <testcase classname="Navigation_bar.Test_links" name="English_Books_subCategory">
    <skipped/>
  </testcase> <!-- English_Books_subCategory -->
  <system-out/>
  <testcase classname="Navigation_bar.Test_links" name="Appliances_subCategory">
    <skipped/>
  </testcase> <!-- Appliances_subCategory -->
  <system-out/>
  <testcase classname="Navigation_bar.Test_links" name="HOME_subCategory">
    <skipped/>
  </testcase> <!-- HOME_subCategory -->
  <system-out/>
  <testcase classname="Navigation_bar.Test_links" name="Smartphones_subCategory">
    <skipped/>
  </testcase> <!-- Smartphones_subCategory -->
  <system-out/>
</testsuite> <!-- Navigation_bar.Test_links -->
