<?xml version="1.0" encoding="UTF-8"?>
<!-- Generated by org.testng.reporters.JUnitReportReporter -->
<testsuite hostname="DESKTOP-CLI6E80" failures="0" tests="1" name="search.search" time="38.689" errors="0" timestamp="2021-01-11T09:07:01 IST" skipped="0">
  <testcase classname="search.search" name="authorTitle" time="38.689"/>
  <system-out/>
</testsuite> <!-- search.search -->
