<?xml version="1.0" encoding="UTF-8"?>
<!-- Generated by org.testng.reporters.JUnitReportReporter -->
<testsuite hostname="DESKTOP-CLI6E80" failures="0" tests="8" name="search.search" time="214.508" errors="0" timestamp="2021-01-10T11:19:18 IST" skipped="0">
  <testcase classname="search.search" name="space" time="3.014"/>
  <system-out/>
  <testcase classname="search.search" name="key_word" time="34.199"/>
  <system-out/>
  <testcase classname="search.search" name="authorTitle" time="36.004"/>
  <system-out/>
  <testcase classname="search.search" name="EauthorTitle" time="22.620"/>
  <system-out/>
  <testcase classname="search.search" name="Negative" time="17.176"/>
  <system-out/>
  <testcase classname="search.search" name="Boundary" time="10.544"/>
  <system-out/>
  <testcase classname="search.search" name="Num" time="1.881"/>
  <system-out/>
  <testcase classname="search.search" name="clean_search_field" time="89.070"/>
  <system-out/>
</testsuite> <!-- search.search -->
