<?xml version="1.0" encoding="UTF-8"?>
<!-- Generated by org.testng.reporters.JUnitReportReporter -->
<testsuite hostname="DESKTOP-CLI6E80" failures="0" tests="13" name="Pages.my_account" time="19.250" errors="0" timestamp="2021-01-31T13:41:29 IST" skipped="4">
  <testcase classname="Pages.my_account" name="login" time="4.652"/>
  <system-out/>
  <testcase classname="Pages.my_account" name="Account_Control_Panel" time="0.998"/>
  <system-out/>
  <testcase classname="Pages.my_account" name="Account_Details" time="3.634"/>
  <system-out/>
  <testcase classname="Pages.my_account" name="Address_book" time="0.860"/>
  <system-out/>
  <testcase classname="Pages.my_account" name="My_orders" time="0.792"/>
  <system-out/>
  <testcase classname="Pages.my_account" name="Club" time="3.048"/>
  <system-out/>
  <testcase classname="Pages.my_account" name="Cart" time="0.230"/>
  <system-out/>
  <testcase classname="Pages.my_account" name="Popup_cart" time="3.257"/>
  <system-out/>
  <testcase classname="Pages.my_account" name="Steimatzky_prime" time="1.779"/>
  <system-out/>
  <testcase classname="Pages.my_account" name="footer">
    <skipped/>
  </testcase> <!-- footer -->
  <system-out/>
  <testcase classname="Pages.my_account" name="SearchProduct">
    <skipped/>
  </testcase> <!-- SearchProduct -->
  <system-out/>
  <testcase classname="Pages.my_account" name="Search">
    <skipped/>
  </testcase> <!-- Search -->
  <system-out/>
  <testcase classname="Pages.my_account" name="Navigation_bar">
    <skipped/>
  </testcase> <!-- Navigation_bar -->
  <system-out/>
</testsuite> <!-- Pages.my_account -->
