<?xml version="1.0" encoding="UTF-8"?>
<!-- Generated by org.testng.reporters.JUnitReportReporter -->
<testsuite hostname="DESKTOP-CLI6E80" failures="0" tests="8" name="search.search" time="375.581" errors="0" timestamp="2021-01-07T12:04:15 IST" skipped="0">
  <testcase classname="search.search" name="books" time="178.493"/>
  <system-out/>
  <testcase classname="search.search" name="English_Books" time="34.928"/>
  <system-out/>
  <testcase classname="search.search" name="Games_toys_and_puzzles" time="17.362"/>
  <system-out/>
  <testcase classname="search.search" name="Gifts_and_leisure" time="38.678"/>
  <system-out/>
  <testcase classname="search.search" name="music" time="20.918"/>
  <system-out/>
  <testcase classname="search.search" name="Appliances_and_smartphones" time="32.497"/>
  <system-out/>
  <testcase classname="search.search" name="Cosmetics_and_perfumes" time="17.173"/>
  <system-out/>
  <testcase classname="search.search" name="Home_and_camping" time="35.532"/>
  <system-out/>
</testsuite> <!-- search.search -->
