<?xml version="1.0" encoding="UTF-8"?>
<!-- Generated by org.testng.reporters.JUnitReportReporter -->
<testsuite hostname="DESKTOP-CLI6E80" failures="0" tests="5" name="Pages.homepage" time="838.825" errors="0" timestamp="2021-01-15T16:31:33 IST" skipped="0">
  <testcase classname="Pages.homepage" name="login_user" time="4.458"/>
  <system-out/>
  <testcase classname="Pages.homepage" name="Navigation_bar" time="179.350"/>
  <system-out/>
  <testcase classname="Pages.homepage" name="SearchProduct" time="375.421"/>
  <system-out/>
  <testcase classname="Pages.homepage" name="Search" time="211.540"/>
  <system-out/>
  <testcase classname="Pages.homepage" name="footer" time="68.056"/>
  <system-out/>
</testsuite> <!-- Pages.homepage -->
