<?xml version="1.0" encoding="UTF-8"?>
<!-- Generated by org.testng.reporters.JUnitReportReporter -->
<testsuite hostname="DESKTOP-CLI6E80" failures="0" tests="14" name="Navigation_bar.Navigation_bar" time="0.087" errors="1" timestamp="2021-01-12T16:50:19 IST" skipped="13">
  <testcase classname="Navigation_bar.Navigation_bar" name="beforeClass" time="0.087">
    <error type="java.lang.NullPointerException">
      <![CDATA[java.lang.NullPointerException
at java.base/java.util.Objects.requireNonNull(Objects.java:222)
at org.openqa.selenium.interactions.Actions.<init>(Actions.java:65)
at Navigation_bar.Navigation_bar.beforeClass(Navigation_bar.java:32)
at java.base/jdk.internal.reflect.NativeMethodAccessorImpl.invoke0(Native Method)
at java.base/jdk.internal.reflect.NativeMethodAccessorImpl.invoke(NativeMethodAccessorImpl.java:62)
at java.base/jdk.internal.reflect.DelegatingMethodAccessorImpl.invoke(DelegatingMethodAccessorImpl.java:43)
at java.base/java.lang.reflect.Method.invoke(Method.java:564)
at org.testng.internal.MethodInvocationHelper.invokeMethod(MethodInvocationHelper.java:132)
at org.testng.internal.MethodInvocationHelper.invokeMethodConsideringTimeout(MethodInvocationHelper.java:61)
at org.testng.internal.ConfigInvoker.invokeConfigurationMethod(ConfigInvoker.java:366)
at org.testng.internal.ConfigInvoker.invokeConfigurations(ConfigInvoker.java:320)
at org.testng.internal.TestMethodWorker.invokeBeforeClassMethods(TestMethodWorker.java:176)
at org.testng.internal.TestMethodWorker.run(TestMethodWorker.java:122)
at java.base/java.util.ArrayList.forEach(ArrayList.java:1511)
at org.testng.TestRunner.privateRun(TestRunner.java:764)
at org.testng.TestRunner.run(TestRunner.java:585)
at org.testng.SuiteRunner.runTest(SuiteRunner.java:384)
at org.testng.SuiteRunner.runSequentially(SuiteRunner.java:378)
at org.testng.SuiteRunner.privateRun(SuiteRunner.java:337)
at org.testng.SuiteRunner.run(SuiteRunner.java:286)
at org.testng.SuiteRunnerWorker.runSuite(SuiteRunnerWorker.java:53)
at org.testng.SuiteRunnerWorker.run(SuiteRunnerWorker.java:96)
at org.testng.TestNG.runSuitesSequentially(TestNG.java:1218)
at org.testng.TestNG.runSuitesLocally(TestNG.java:1140)
at org.testng.TestNG.runSuites(TestNG.java:1069)
at org.testng.TestNG.run(TestNG.java:1037)
at org.testng.remote.AbstractRemoteTestNG.run(AbstractRemoteTestNG.java:115)
at org.testng.remote.RemoteTestNG.initAndRun(RemoteTestNG.java:251)
at org.testng.remote.RemoteTestNG.main(RemoteTestNG.java:77)
]]>
    </error>
  </testcase> <!-- beforeClass -->
  <system-out/>
  <testcase classname="Navigation_bar.Navigation_bar" name="sales" time="0.000">
    <skipped/>
  </testcase> <!-- sales -->
  <system-out/>
  <testcase classname="Navigation_bar.Navigation_bar" name="mCategorys" time="0.000">
    <skipped/>
  </testcase> <!-- mCategorys -->
  <system-out/>
  <testcase classname="Navigation_bar.Navigation_bar" name="books_subCategory" time="0.000">
    <skipped/>
  </testcase> <!-- books_subCategory -->
  <system-out/>
  <testcase classname="Navigation_bar.Navigation_bar" name="English_Books_subCategory" time="0.000">
    <skipped/>
  </testcase> <!-- English_Books_subCategory -->
  <system-out/>
  <testcase classname="Navigation_bar.Navigation_bar" name="games_subCategory" time="0.000">
    <skipped/>
  </testcase> <!-- games_subCategory -->
  <system-out/>
  <testcase classname="Navigation_bar.Navigation_bar" name="Gifts_and_leisure_subCategory" time="0.000">
    <skipped/>
  </testcase> <!-- Gifts_and_leisure_subCategory -->
  <system-out/>
  <testcase classname="Navigation_bar.Navigation_bar" name="music_subCategory" time="0.000">
    <skipped/>
  </testcase> <!-- music_subCategory -->
  <system-out/>
  <testcase classname="Navigation_bar.Navigation_bar" name="Appliances_subCategory" time="0.000">
    <skipped/>
  </testcase> <!-- Appliances_subCategory -->
  <system-out/>
  <testcase classname="Navigation_bar.Navigation_bar" name="Smartphones_subCategory" time="0.000">
    <skipped/>
  </testcase> <!-- Smartphones_subCategory -->
  <system-out/>
  <testcase classname="Navigation_bar.Navigation_bar" name="Cosmetics_and_perfumes_subCategory" time="0.000">
    <skipped/>
  </testcase> <!-- Cosmetics_and_perfumes_subCategory -->
  <system-out/>
  <testcase classname="Navigation_bar.Navigation_bar" name="HOME_subCategory" time="0.000">
    <skipped/>
  </testcase> <!-- HOME_subCategory -->
  <system-out/>
  <testcase classname="Navigation_bar.Navigation_bar" name="camping_subCategory" time="0.000">
    <skipped/>
  </testcase> <!-- camping_subCategory -->
  <system-out/>
  <testcase classname="Navigation_bar.Navigation_bar" name="Costumers_club_subCategory" time="0.000">
    <skipped/>
  </testcase> <!-- Costumers_club_subCategory -->
  <system-out/>
</testsuite> <!-- Navigation_bar.Navigation_bar -->
