<?xml version="1.0" encoding="UTF-8"?>
<!-- Generated by org.testng.reporters.JUnitReportReporter -->
<testsuite hostname="DESKTOP-CLI6E80" failures="0" tests="9" name="Login_Registration.Login" time="32.993" errors="0" timestamp="2021-01-24T13:59:55 IST" skipped="0">
  <testcase classname="Login_Registration.Login" name="Correct_Login" time="4.961"/>
  <system-out/>
  <testcase classname="Login_Registration.Login" name="logout" time="1.409"/>
  <system-out/>
  <testcase classname="Login_Registration.Login" name="Empty_text_fields" time="2.436"/>
  <system-out/>
  <testcase classname="Login_Registration.Login" name="Enter_spaces_in_text_fields" time="1.281"/>
  <system-out/>
  <testcase classname="Login_Registration.Login" name="worng_email" time="8.823"/>
  <system-out/>
  <testcase classname="Login_Registration.Login" name="worng_email_num" time="2.158"/>
  <system-out/>
  <testcase classname="Login_Registration.Login" name="worng_pass" time="8.698"/>
  <system-out/>
  <testcase classname="Login_Registration.Login" name="worng_pass_num" time="2.315"/>
  <system-out/>
  <testcase classname="Login_Registration.Login" name="Unregister_email" time="0.912"/>
  <system-out/>
</testsuite> <!-- Login_Registration.Login -->
