<?xml version="1.0" encoding="UTF-8"?>
<!-- Generated by org.testng.reporters.JUnitReportReporter -->
<testsuite hostname="DESKTOP-CLI6E80" failures="0" tests="8" name="search.search" time="492.750" errors="0" timestamp="2021-01-06T15:50:00 IST" skipped="0">
  <testcase classname="search.search" name="books" time="230.268"/>
  <system-out/>
  <testcase classname="search.search" name="English_Books" time="45.742"/>
  <system-out/>
  <testcase classname="search.search" name="Gifts_and_leisure" time="52.365"/>
  <system-out/>
  <testcase classname="search.search" name="Games_toys_and_puzzles" time="23.362"/>
  <system-out/>
  <testcase classname="search.search" name="music" time="27.663"/>
  <system-out/>
  <testcase classname="search.search" name="Appliances_and_smartphones" time="42.768"/>
  <system-out/>
  <testcase classname="search.search" name="Cosmetics_and_perfumes" time="23.505"/>
  <system-out/>
  <testcase classname="search.search" name="Home_and_camping" time="47.077"/>
  <system-out/>
</testsuite> <!-- search.search -->
