<?xml version="1.0" encoding="UTF-8"?>
<!-- Generated by org.testng.reporters.JUnitReportReporter -->
<testsuite hostname="DESKTOP-CLI6E80" failures="0" tests="6" name="Pages.my_account" time="6.144" errors="0" timestamp="2021-03-11T22:49:09 IST" skipped="4">
  <testcase classname="Pages.my_account" name="login" time="4.819"/>
  <system-out/>
  <testcase classname="Pages.my_account" name="Account_Control_Panel" time="1.325"/>
  <system-out/>
  <testcase classname="Pages.my_account" name="SearchProduct">
    <skipped/>
  </testcase> <!-- SearchProduct -->
  <system-out/>
  <testcase classname="Pages.my_account" name="Search">
    <skipped/>
  </testcase> <!-- Search -->
  <system-out/>
  <testcase classname="Pages.my_account" name="Footer">
    <skipped/>
  </testcase> <!-- Footer -->
  <system-out/>
  <testcase classname="Pages.my_account" name="Navigation_bar">
    <skipped/>
  </testcase> <!-- Navigation_bar -->
  <system-out/>
</testsuite> <!-- Pages.my_account -->
