<?xml version="1.0" encoding="UTF-8"?>
<!-- Generated by org.testng.reporters.JUnitReportReporter -->
<testsuite hostname="DESKTOP-CLI6E80" failures="0" tests="14" name="Navigation_bar.Navigation_bar" time="393.271" errors="0" timestamp="2021-01-06T15:26:49 IST" skipped="0">
  <testcase classname="Navigation_bar.Navigation_bar" name="sales" time="5.399"/>
  <system-out/>
  <testcase classname="Navigation_bar.Navigation_bar" name="mCategorys" time="19.381"/>
  <system-out/>
  <testcase classname="Navigation_bar.Navigation_bar" name="club" time="3.035"/>
  <system-out/>
  <testcase classname="Navigation_bar.Navigation_bar" name="books_subCategory" time="292.742"/>
  <system-out/>
  <testcase classname="Navigation_bar.Navigation_bar" name="English_Books_subCategory" time="11.117"/>
  <system-out/>
  <testcase classname="Navigation_bar.Navigation_bar" name="games_subCategory" time="3.446"/>
  <system-out/>
  <testcase classname="Navigation_bar.Navigation_bar" name="Gifts_and_leisure_subCategory" time="10.857"/>
  <system-out/>
  <testcase classname="Navigation_bar.Navigation_bar" name="music_subCategory" time="11.966"/>
  <system-out/>
  <testcase classname="Navigation_bar.Navigation_bar" name="Appliances_subCategory" time="6.881"/>
  <system-out/>
  <testcase classname="Navigation_bar.Navigation_bar" name="Smartphones_subCategory" time="4.294"/>
  <system-out/>
  <testcase classname="Navigation_bar.Navigation_bar" name="Cosmetics_and_perfumes_subCategory" time="5.293"/>
  <system-out/>
  <testcase classname="Navigation_bar.Navigation_bar" name="HOME_subCategory" time="7.750"/>
  <system-out/>
  <testcase classname="Navigation_bar.Navigation_bar" name="camping_subCategory" time="4.091"/>
  <system-out/>
  <testcase classname="Navigation_bar.Navigation_bar" name="Costumers_club_subCategory" time="7.019"/>
  <system-out/>
</testsuite> <!-- Navigation_bar.Navigation_bar -->
