<?xml version="1.0" encoding="UTF-8"?>
<!-- Generated by org.testng.reporters.JUnitReportReporter -->
<testsuite hostname="DESKTOP-CLI6E80" failures="0" tests="1" name="Navigation_bar.Test_links" time="6.009" errors="0" timestamp="2021-01-08T17:06:47 IST" skipped="0">
  <testcase classname="Navigation_bar.Test_links" name="Costumers_club_subCategory" time="6.009"/>
  <system-out/>
</testsuite> <!-- Navigation_bar.Test_links -->
