<?xml version="1.0" encoding="UTF-8"?>
<!-- Generated by org.testng.reporters.JUnitReportReporter -->
<testsuite hostname="DESKTOP-CLI6E80" failures="0" tests="1" name="search.search" time="88.178" errors="0" timestamp="2021-01-08T12:44:44 IST" skipped="0">
  <testcase classname="search.search" name="clean_search_field" time="88.178"/>
  <system-out/>
</testsuite> <!-- search.search -->
