<?xml version="1.0" encoding="UTF-8"?>
<!-- Generated by org.testng.reporters.JUnitReportReporter -->
<testsuite hostname="DESKTOP-CLI6E80" failures="0" tests="8" name="search.search" time="372.573" errors="0" timestamp="2021-01-07T09:53:12 IST" skipped="0">
  <testcase classname="search.search" name="books" time="172.995"/>
  <system-out/>
  <testcase classname="search.search" name="English_Books" time="34.249"/>
  <system-out/>
  <testcase classname="search.search" name="Gifts_and_leisure" time="39.840"/>
  <system-out/>
  <testcase classname="search.search" name="Games_toys_and_puzzles" time="17.317"/>
  <system-out/>
  <testcase classname="search.search" name="music" time="20.733"/>
  <system-out/>
  <testcase classname="search.search" name="Appliances_and_smartphones" time="33.137"/>
  <system-out/>
  <testcase classname="search.search" name="Cosmetics_and_perfumes" time="17.310"/>
  <system-out/>
  <testcase classname="search.search" name="Home_and_camping" time="36.992"/>
  <system-out/>
</testsuite> <!-- search.search -->
