<?xml version="1.0" encoding="UTF-8"?>
<!-- Generated by org.testng.reporters.JUnitReportReporter -->
<testsuite hostname="DESKTOP-CLI6E80" failures="0" tests="8" name="search.search_product" time="360.909" errors="0" timestamp="2021-01-08T14:04:03 IST" skipped="0">
  <testcase classname="search.search_product" name="books" time="168.501"/>
  <system-out/>
  <testcase classname="search.search_product" name="English_Books" time="34.241"/>
  <system-out/>
  <testcase classname="search.search_product" name="Games_toys_and_puzzles" time="16.914"/>
  <system-out/>
  <testcase classname="search.search_product" name="Gifts_and_leisure" time="39.218"/>
  <system-out/>
  <testcase classname="search.search_product" name="music" time="19.815"/>
  <system-out/>
  <testcase classname="search.search_product" name="Appliances_and_smartphones" time="31.630"/>
  <system-out/>
  <testcase classname="search.search_product" name="Cosmetics_and_perfumes" time="16.685"/>
  <system-out/>
  <testcase classname="search.search_product" name="Home_and_camping" time="33.905"/>
  <system-out/>
</testsuite> <!-- search.search_product -->
