<?xml version="1.0" encoding="UTF-8"?>
<!-- Generated by org.testng.reporters.JUnitReportReporter -->
<<<<<<< HEAD
<testsuite hostname="DESKTOP-CLI6E80" failures="0" tests="14" name="Navigation_bar.Test_links" time="181.197" errors="0" timestamp="2021-01-11T13:35:21 IST" skipped="0">
  <testcase classname="Navigation_bar.Test_links" name="Sales" time="3.284"/>
  <system-out/>
  <testcase classname="Navigation_bar.Test_links" name="mCategorys" time="18.912"/>
  <system-out/>
  <testcase classname="Navigation_bar.Test_links" name="Books_subCategory" time="92.692"/>
  <system-out/>
  <testcase classname="Navigation_bar.Test_links" name="English_Books_subCategory" time="9.747"/>
  <system-out/>
  <testcase classname="Navigation_bar.Test_links" name="Games_subCategory" time="1.546"/>
  <system-out/>
  <testcase classname="Navigation_bar.Test_links" name="Gifts_and_leisure_subCategory" time="8.591"/>
  <system-out/>
  <testcase classname="Navigation_bar.Test_links" name="Music_subCategory" time="10.253"/>
  <system-out/>
  <testcase classname="Navigation_bar.Test_links" name="Appliances_subCategory" time="4.929"/>
  <system-out/>
  <testcase classname="Navigation_bar.Test_links" name="Smartphones_subCategory" time="2.877"/>
  <system-out/>
  <testcase classname="Navigation_bar.Test_links" name="Cosmetics_and_perfumes_subCategory" time="7.548"/>
  <system-out/>
  <testcase classname="Navigation_bar.Test_links" name="HOME_subCategory" time="8.307"/>
  <system-out/>
  <testcase classname="Navigation_bar.Test_links" name="Camping_subCategory" time="3.211"/>
  <system-out/>
  <testcase classname="Navigation_bar.Test_links" name="Login" time="4.437"/>
  <system-out/>
  <testcase classname="Navigation_bar.Test_links" name="Costumers_club_subCategory" time="4.863"/>
=======
<testsuite hostname="DESKTOP-CLI6E80" failures="0" tests="13" name="Navigation_bar.Test_links" time="60.403" errors="0" timestamp="2021-01-12T15:40:43 IST" skipped="2">
  <testcase classname="Navigation_bar.Test_links" name="sales" time="3.219"/>
  <system-out/>
  <testcase classname="Navigation_bar.Test_links" name="English_Books_subCategory" time="10.312"/>
  <system-out/>
  <testcase classname="Navigation_bar.Test_links" name="games_subCategory" time="1.650"/>
  <system-out/>
  <testcase classname="Navigation_bar.Test_links" name="Gifts_and_leisure_subCategory" time="9.245"/>
  <system-out/>
  <testcase classname="Navigation_bar.Test_links" name="music_subCategory" time="10.086"/>
  <system-out/>
  <testcase classname="Navigation_bar.Test_links" name="Appliances_subCategory" time="5.081"/>
  <system-out/>
  <testcase classname="Navigation_bar.Test_links" name="Smartphones_subCategory" time="2.498"/>
  <system-out/>
  <testcase classname="Navigation_bar.Test_links" name="Cosmetics_and_perfumes_subCategory" time="3.924"/>
  <system-out/>
  <testcase classname="Navigation_bar.Test_links" name="HOME_subCategory" time="6.374"/>
  <system-out/>
  <testcase classname="Navigation_bar.Test_links" name="camping_subCategory" time="2.196"/>
  <system-out/>
  <testcase classname="Navigation_bar.Test_links" name="Costumers_club_subCategory" time="5.818"/>
  <system-out/>
  <testcase classname="Navigation_bar.Test_links" name="books_subCategory">
    <skipped/>
  </testcase> <!-- books_subCategory -->
  <system-out/>
  <testcase classname="Navigation_bar.Test_links" name="mCategorys">
    <skipped/>
  </testcase> <!-- mCategorys -->
>>>>>>> f18bfbe30901af35647b16835002ddb05641e955
  <system-out/>
</testsuite> <!-- Navigation_bar.Test_links -->
