<?xml version="1.0" encoding="UTF-8"?>
<!-- Generated by org.testng.reporters.JUnitReportReporter -->
<testsuite hostname="DESKTOP-CLI6E80" failures="0" tests="2" name="Pages.homepage" time="79.533" errors="0" timestamp="2021-01-16T12:27:37 IST" skipped="0">
  <testcase classname="Pages.homepage" name="login_user" time="4.521"/>
  <system-out/>
  <testcase classname="Pages.homepage" name="footer" time="75.012"/>
  <system-out/>
</testsuite> <!-- Pages.homepage -->
