<?xml version="1.0" encoding="UTF-8"?>
<!-- Generated by org.testng.reporters.JUnitReportReporter -->
<testsuite hostname="DESKTOP-CLI6E80" failures="0" tests="3" name="Pages.homepage" time="81.897" errors="0" timestamp="2021-01-12T21:27:41 IST" skipped="1">
  <testcase classname="Pages.homepage" name="login_user" time="4.466"/>
  <system-out/>
  <testcase classname="Pages.homepage" name="Navigation_bar" time="77.431"/>
  <system-out/>
  <testcase classname="Pages.homepage" name="SearchProduct">
    <skipped/>
  </testcase> <!-- SearchProduct -->
  <system-out/>
</testsuite> <!-- Pages.homepage -->
